<?xml version="1.0" encoding="UTF-8"?>
<!-- Generated by org.testng.reporters.JUnitReportReporter -->
<testsuite hostname="HDLCAMPUS3170" failures="0" tests="2" name="com.info.SeleniumTest.WebApplicationTesting" time="6.093" errors="0" timestamp="2022-07-18T14:53:29 IST" skipped="0">
  <testcase classname="com.info.SeleniumTest.WebApplicationTesting" name="loginTestCase" time="6.093"/>
  <system-out/>
  <testcase classname="com.info.SeleniumTest.WebApplicationTesting" name="sampleTestCase" time="0.000"/>
  <system-out/>
</testsuite> <!-- com.info.SeleniumTest.WebApplicationTesting -->
