<?xml version="1.0" encoding="UTF-8"?>
<!-- Generated by org.testng.reporters.JUnitReportReporter -->
<testsuite hostname="HDLCAMPUS3170" failures="0" tests="1" name="com.info.SeleniumTest.AppTest" time="0.000" errors="0" timestamp="2022-07-18T14:53:29 IST" skipped="0">
  <testcase classname="com.info.SeleniumTest.AppTest" name="testApp" time="0.000"/>
  <system-out/>
</testsuite> <!-- com.info.SeleniumTest.AppTest -->
