<?xml version="1.0" encoding="UTF-8"?>
<!-- Generated by org.testng.reporters.JUnitReportReporter -->
<testsuite hostname="HDLCAMPUS3170" failures="0" tests="2" name="com.info.SeleniumTest.WebApplicationTesting" time="11.621" errors="0" timestamp="2022-07-19T15:02:00 IST" skipped="0">
  <testcase classname="com.info.SeleniumTest.WebApplicationTesting" name="sampleTestCase" time="0.001"/>
  <system-out/>
  <testcase classname="com.info.SeleniumTest.WebApplicationTesting" name="loginTestCase" time="11.620"/>
  <system-out/>
</testsuite> <!-- com.info.SeleniumTest.WebApplicationTesting -->
