<?xml version="1.0" encoding="UTF-8"?>
<!-- Generated by org.testng.reporters.JUnitReportReporter -->
<testsuite hostname="HDLCAMPUS3170" failures="0" tests="1" name="com.info.SeleniumTest.ApplicationTesting" time="0.001" errors="0" timestamp="2022-07-19T14:47:56 IST" skipped="0">
  <testcase classname="com.info.SeleniumTest.ApplicationTesting" name="testCaseTwo" time="0.001"/>
  <system-out/>
</testsuite> <!-- com.info.SeleniumTest.ApplicationTesting -->
